INFO:employee:Created Employee: John-John.Smith@gmail.com
INFO:employee:Created Employee: Thomas-Thomas.Reji@gmail.com
INFO:employee:Created Employee: Merin-Merin.James@gmail.com
INFO:employee:Created Employee: John-John.Smith@gmail.com
INFO:employee:Created Employee: Thomas-Thomas.Reji@gmail.com
INFO:employee:Created Employee: Merin-Merin.James@gmail.com
INFO:employee:Created Employee: John-John.Smith@gmail.com
INFO:employee:Created Employee: Thomas-Thomas.Reji@gmail.com
INFO:employee:Created Employee: Merin-Merin.James@gmail.com
INFO:__main__:Created Employee: John-John.Smith@gmail.com
INFO:__main__:Created Employee: Thomas-Thomas.Reji@gmail.com
INFO:__main__:Created Employee: Merin-Merin.James@gmail.com
INFO:employee:Created Employee: John-John.Smith@gmail.com
INFO:employee:Created Employee: Thomas-Thomas.Reji@gmail.com
INFO:employee:Created Employee: Merin-Merin.James@gmail.com
INFO:employee:Created Employee: John-John.Smith@gmail.com
INFO:employee:Created Employee: Thomas-Thomas.Reji@gmail.com
INFO:employee:Created Employee: Merin-Merin.James@gmail.com
INFO:employee:Created Employee: John-John.Smith@gmail.com
INFO:employee:Created Employee: Thomas-Thomas.Reji@gmail.com
INFO:employee:Created Employee: Merin-Merin.James@gmail.com
INFO:employee:Created Employee: John-John.Smith@gmail.com
INFO:employee:Created Employee: Thomas-Thomas.Reji@gmail.com
INFO:employee:Created Employee: Merin-Merin.James@gmail.com
INFO:employee:Created Employee: John-John.Smith@gmail.com
INFO:employee:Created Employee: Thomas-Thomas.Reji@gmail.com
INFO:employee:Created Employee: Merin-Merin.James@gmail.com
INFO:employee:Created Employee: John-John.Smith@gmail.com
INFO:employee:Created Employee: Thomas-Thomas.Reji@gmail.com
INFO:employee:Created Employee: Merin-Merin.James@gmail.com
INFO:employee:Created Employee: John-John.Smith@gmail.com
INFO:employee:Created Employee: Thomas-Thomas.Reji@gmail.com
INFO:employee:Created Employee: Merin-Merin.James@gmail.com
INFO:__main__:Data Added
INFO:__main__:Data Added
INFO:__main__:Data Added
INFO:__main__:Data Added
INFO:__main__:Data Added
INFO:__main__:appended information
INFO:__main__:appended information
